1659102453080	geckodriver	INFO	Listening on 127.0.0.1:59811
1659102456137	mozrunner::runner	INFO	Running command: "C:\\Program Files\\Mozilla Firefox\\firefox.exe" "--marionette" "start-maximized" "--disable-notifications" "--disable-blink-features=AutomationControlled" "--disable-extensions" "--remote-debugging-port" "59812" "--remote-allow-hosts" "localhost" "-no-remote" "-profile" "C:\\Users\\lenovo\\AppData\\Local\\Temp\\rust_mozprofile2ZQkSt"
1659102456648	Marionette	INFO	Marionette enabled
1659102456656	Marionette	INFO	Listening on port 59830
WebDriver BiDi listening on ws://localhost:59812
Read port: 59830
1659102456854	RemoteAgent	WARN	TLS certificate errors will be ignored for this session
console.warn: SearchSettings: "get: No settings file exists, new profile?" (new NotFoundError("Could not open the file at C:\\Users\\lenovo\\AppData\\Local\\Temp\\rust_mozprofile2ZQkSt\\search.json.mozlz4", (void 0)))
DevTools listening on ws://localhost:59812/devtools/browser/13a899cd-c0a0-4e99-90f7-ffd92b8fd97c
JavaScript error: chrome://remote/content/marionette/driver.js, line 2273: NS_ERROR_ILLEGAL_VALUE: Component returned failure code: 0x80070057 (NS_ERROR_ILLEGAL_VALUE) [nsIObserverService.removeObserver]
1659103904660	geckodriver	INFO	Listening on 127.0.0.1:60428
1659103925321	geckodriver	INFO	Listening on 127.0.0.1:60436
1659103928359	mozrunner::runner	INFO	Running command: "C:\\Program Files\\Mozilla Firefox\\firefox.exe" "--marionette" "start-maximized" "--disable-notifications" "--disable-blink-features=AutomationControlled" "--disable-extensions" "--remote-debugging-port" "60437" "--remote-allow-hosts" "localhost" "-no-remote" "-profile" "C:\\Users\\lenovo\\AppData\\Local\\Temp\\rust_mozprofiledDba2F"
1659103928780	Marionette	INFO	Marionette enabled
1659103928787	Marionette	INFO	Listening on port 60446
WebDriver BiDi listening on ws://localhost:60437
Read port: 60446
1659103928976	RemoteAgent	WARN	TLS certificate errors will be ignored for this session
console.warn: SearchSettings: "get: No settings file exists, new profile?" (new NotFoundError("Could not open the file at C:\\Users\\lenovo\\AppData\\Local\\Temp\\rust_mozprofiledDba2F\\search.json.mozlz4", (void 0)))
DevTools listening on ws://localhost:60437/devtools/browser/09da3c9b-d9e3-4658-b785-1b6f8cf7be25
JavaScript error: chrome://remote/content/marionette/driver.js, line 2273: NS_ERROR_ILLEGAL_VALUE: Component returned failure code: 0x80070057 (NS_ERROR_ILLEGAL_VALUE) [nsIObserverService.removeObserver]
1659103955695	geckodriver	INFO	Listening on 127.0.0.1:60471
1659103958749	mozrunner::runner	INFO	Running command: "C:\\Program Files\\Mozilla Firefox\\firefox.exe" "--marionette" "--remote-debugging-port" "60472" "--remote-allow-hosts" "localhost" "-no-remote" "-profile" "C:\\Users\\lenovo\\AppData\\Local\\Temp\\rust_mozprofilebYobDQ"
1659103959150	Marionette	INFO	Marionette enabled
1659103959156	Marionette	INFO	Listening on port 60482
WebDriver BiDi listening on ws://localhost:60472
Read port: 60482
1659103959330	RemoteAgent	WARN	TLS certificate errors will be ignored for this session
console.warn: SearchSettings: "get: No settings file exists, new profile?" (new NotFoundError("Could not open the file at C:\\Users\\lenovo\\AppData\\Local\\Temp\\rust_mozprofilebYobDQ\\search.json.mozlz4", (void 0)))
DevTools listening on ws://localhost:60472/devtools/browser/90257f5e-0ad1-4c93-be0e-4ebdace0336d
JavaScript error: https://static.hepsiburada.net/assets/sfstatic/v.1.4.1219/project/assets/9228-0c59a58befe43597b905.js, line 2: TypeError: navigator.connection is undefined
console.warn: LoginRecipes: "getRecipes: falling back to a synchronous message for:" "https://giris.hepsiburada.com"
console.warn: LoginRecipes: "getRecipes: falling back to a synchronous message for:" "https://giris.hepsiburada.com"
JavaScript error: , line 0: uncaught exception: undefined
JavaScript warning: https://giris.hepsiburada.com/bG-SeMdTad/1v9lTJc3/aL/fE3k2QSkcEz5/QQcBPRwrSQ0/c0/srLj9-CDo, line 1: WEBGL_debug_renderer_info is deprecated in Firefox and will be removed. Please use RENDERER.
1659103977779	Marionette	INFO	Stopped listening on port 60482
console.warn: TopSitesFeed: Failed to fetch data from Contile server: NetworkError when attempting to fetch resource.
1659104247299	geckodriver	INFO	Listening on 127.0.0.1:60626
1659104250333	mozrunner::runner	INFO	Running command: "C:\\Program Files\\Mozilla Firefox\\firefox.exe" "--marionette" "--start-maximized" "--disable-notifications" "--disable-blink-features=AutomationControlled" "--disable-extensions" "--remote-debugging-port" "60627" "--remote-allow-hosts" "localhost" "-no-remote" "-profile" "C:\\Users\\lenovo\\AppData\\Local\\Temp\\rust_mozprofile3Rx6sk"
1659104250745	Marionette	INFO	Marionette enabled
1659104250752	Marionette	INFO	Listening on port 60636
Read port: 60636
WebDriver BiDi listening on ws://localhost:60627
1659104250928	RemoteAgent	WARN	TLS certificate errors will be ignored for this session
console.warn: SearchSettings: "get: No settings file exists, new profile?" (new NotFoundError("Could not open the file at C:\\Users\\lenovo\\AppData\\Local\\Temp\\rust_mozprofile3Rx6sk\\search.json.mozlz4", (void 0)))
DevTools listening on ws://localhost:60627/devtools/browser/c1e69ee1-5a3b-4f1b-ad50-c33a7408f29b
1659104254485	Marionette	INFO	Stopped listening on port 60636
console.warn: TopSitesFeed: Failed to fetch data from Contile server: NetworkError when attempting to fetch resource.
1659104510006	geckodriver	INFO	Listening on 127.0.0.1:60708
1659104513061	mozrunner::runner	INFO	Running command: "C:\\Program Files\\Mozilla Firefox\\firefox.exe" "--marionette" "--disable-notifications" "--disable-blink-features=AutomationControlled" "--disable-extensions" "--remote-debugging-port" "60709" "--remote-allow-hosts" "localhost" "-no-remote" "-profile" "C:\\Users\\lenovo\\AppData\\Local\\Temp\\rust_mozprofileNjkDsr"
1659104513486	Marionette	INFO	Marionette enabled
1659104513493	Marionette	INFO	Listening on port 60718
WebDriver BiDi listening on ws://localhost:60709
Read port: 60718
1659104513669	RemoteAgent	WARN	TLS certificate errors will be ignored for this session
console.warn: SearchSettings: "get: No settings file exists, new profile?" (new NotFoundError("Could not open the file at C:\\Users\\lenovo\\AppData\\Local\\Temp\\rust_mozprofileNjkDsr\\search.json.mozlz4", (void 0)))
DevTools listening on ws://localhost:60709/devtools/browser/d1ee7a55-854d-4d31-830a-09a2e28bdd03
1659104565274	geckodriver	INFO	Listening on 127.0.0.1:60736
1659104568306	mozrunner::runner	INFO	Running command: "C:\\Program Files\\Mozilla Firefox\\firefox.exe" "--marionette" "--disable-blink-features=AutomationControlled" "--remote-debugging-port" "60737" "--remote-allow-hosts" "localhost" "-no-remote" "-profile" "C:\\Users\\lenovo\\AppData\\Local\\Temp\\rust_mozprofilevDm4mk"
1659104568710	Marionette	INFO	Marionette enabled
1659104568716	Marionette	INFO	Listening on port 60746
WebDriver BiDi listening on ws://localhost:60737
Read port: 60746
1659104568893	RemoteAgent	WARN	TLS certificate errors will be ignored for this session
console.warn: SearchSettings: "get: No settings file exists, new profile?" (new NotFoundError("Could not open the file at C:\\Users\\lenovo\\AppData\\Local\\Temp\\rust_mozprofilevDm4mk\\search.json.mozlz4", (void 0)))
DevTools listening on ws://localhost:60737/devtools/browser/300e8b44-6de3-449e-8155-c23ace5d6b5d
JavaScript error: resource://gre/modules/URIFixup.jsm, line 278: NS_ERROR_FAILURE: Should pass a non-null uri
JavaScript error: https://static.hepsiburada.net/assets/sfstatic/v.1.4.1219/project/assets/9228-0c59a58befe43597b905.js, line 2: TypeError: navigator.connection is undefined
console.warn: LoginRecipes: "getRecipes: falling back to a synchronous message for:" "https://giris.hepsiburada.com"
console.warn: LoginRecipes: "getRecipes: falling back to a synchronous message for:" "https://giris.hepsiburada.com"
JavaScript error: , line 0: uncaught exception: undefined
JavaScript warning: https://giris.hepsiburada.com/bG-SeMdTad/1v9lTJc3/aL/fE3k2QSkcEz5/QQcBPRwrSQ0/c0/srLj9-CDo, line 1: WEBGL_debug_renderer_info is deprecated in Firefox and will be removed. Please use RENDERER.
1659104598148	Marionette	INFO	Stopped listening on port 60746
console.warn: TopSitesFeed: Failed to fetch data from Contile server: NetworkError when attempting to fetch resource.
